\BOOKMARK [0][]{chapter.1}{\376\377\000\332\000v\000o\000d}{}% 1
\BOOKMARK [0][]{chapter.2}{\376\377\000A\000n\000a\000l\000\375\000z\000a\000\040\000m\000e\000t\000o\000d\000\040\000a\000\040\000f\000u\000n\000k\000c\000\355\000\040\000p\000r\000o\000g\000r\000a\000m\000o\000v\000a\000c\000\355\000c\000h\000\040\000j\000a\000z\000y\000k\001\157}{}% 2
\BOOKMARK [1][]{section.2.1}{\376\377\000O\000b\000e\000c\000n\000\341\000\040\000c\000h\000a\000r\000a\000k\000t\000e\000r\000i\000s\000t\000i\000k\000a}{chapter.2}% 3
\BOOKMARK [2][]{subsection.2.1.1}{\376\377\000J\000a\000v\000a}{section.2.1}% 4
\BOOKMARK [2][]{subsection.2.1.2}{\376\377\000C}{section.2.1}% 5
\BOOKMARK [2][]{subsection.2.1.3}{\376\377\000C\000+\000+}{section.2.1}% 6
\BOOKMARK [2][]{subsection.2.1.4}{\376\377\000C\000\043}{section.2.1}% 7
\BOOKMARK [2][]{subsection.2.1.5}{\376\377\000P\000a\000s\000c\000a\000l}{section.2.1}% 8
\BOOKMARK [1][]{section.2.2}{\376\377\000Z\000\341\000k\000l\000a\000d\000n\000\355\000\040\000d\000a\000t\000o\000v\000\351\000\040\000t\000y\000p\000y}{chapter.2}% 9
\BOOKMARK [2][]{subsection.2.2.1}{\376\377\000J\000a\000v\000a}{section.2.2}% 10
\BOOKMARK [2][]{subsection.2.2.2}{\376\377\000C}{section.2.2}% 11
\BOOKMARK [2][]{subsection.2.2.3}{\376\377\000C\000+\000+}{section.2.2}% 12
\BOOKMARK [2][]{subsection.2.2.4}{\376\377\000C\000\043}{section.2.2}% 13
\BOOKMARK [2][]{subsection.2.2.5}{\376\377\000P\000a\000s\000c\000a\000l}{section.2.2}% 14
\BOOKMARK [1][]{section.2.3}{\376\377\000P\000o\000l\000e\000\040\000a\000\040\000s\000e\000z\000n\000a\000m\000y}{chapter.2}% 15
\BOOKMARK [2][]{subsection.2.3.1}{\376\377\000J\000a\000v\000a}{section.2.3}% 16
\BOOKMARK [2][]{subsection.2.3.2}{\376\377\000C}{section.2.3}% 17
\BOOKMARK [2][]{subsection.2.3.3}{\376\377\000C\000+\000+}{section.2.3}% 18
\BOOKMARK [2][]{subsection.2.3.4}{\376\377\000C\000\043}{section.2.3}% 19
\BOOKMARK [2][]{subsection.2.3.5}{\376\377\000P\000a\000s\000c\000a\000l}{section.2.3}% 20
\BOOKMARK [1][]{section.2.4}{\376\377\000T\000e\000x\000t\000o\000v\000\351\000\040\001\131\000e\000t\001\033\000z\000c\000e}{chapter.2}% 21
\BOOKMARK [2][]{subsection.2.4.1}{\376\377\000J\000a\000v\000a}{section.2.4}% 22
\BOOKMARK [2][]{subsection.2.4.2}{\376\377\000C}{section.2.4}% 23
\BOOKMARK [2][]{subsection.2.4.3}{\376\377\000C\000+\000+}{section.2.4}% 24
\BOOKMARK [2][]{subsection.2.4.4}{\376\377\000C\000\043}{section.2.4}% 25
\BOOKMARK [2][]{subsection.2.4.5}{\376\377\000P\000a\000s\000c\000a\000l}{section.2.4}% 26
\BOOKMARK [1][]{section.2.5}{\376\377\001\130\000a\000z\000e\000n\000\355\000\040\000a\000\040\000v\000y\000h\000l\000e\000d\000\341\000v\000\341\000n\000\355}{chapter.2}% 27
\BOOKMARK [2][]{subsection.2.5.1}{\376\377\000J\000a\000v\000a}{section.2.5}% 28
\BOOKMARK [2][]{subsection.2.5.2}{\376\377\000C}{section.2.5}% 29
\BOOKMARK [2][]{subsection.2.5.3}{\376\377\000C\000+\000+}{section.2.5}% 30
\BOOKMARK [2][]{subsection.2.5.4}{\376\377\000C\000\043}{section.2.5}% 31
\BOOKMARK [2][]{subsection.2.5.5}{\376\377\000P\000a\000s\000c\000a\000l}{section.2.5}% 32
\BOOKMARK [1][]{section.2.6}{\376\377\000M\000a\000t\000e\000m\000a\000t\000i\000c\000k\000\351\000\040\000v\000\375\000p\000o\001\015\000t\000y}{chapter.2}% 33
\BOOKMARK [2][]{subsection.2.6.1}{\376\377\000J\000a\000v\000a}{section.2.6}% 34
\BOOKMARK [2][]{subsection.2.6.2}{\376\377\000C}{section.2.6}% 35
\BOOKMARK [2][]{subsection.2.6.3}{\376\377\000C\000+\000+}{section.2.6}% 36
\BOOKMARK [2][]{subsection.2.6.4}{\376\377\000C\000\043}{section.2.6}% 37
\BOOKMARK [2][]{subsection.2.6.5}{\376\377\000P\000a\000s\000c\000a\000l}{section.2.6}% 38
\BOOKMARK [1][]{section.2.7}{\376\377\000V\000s\000t\000u\000p\000\040\000a\000\040\000v\000\375\000s\000t\000u\000p}{chapter.2}% 39
\BOOKMARK [2][]{subsection.2.7.1}{\376\377\000J\000a\000v\000a}{section.2.7}% 40
\BOOKMARK [2][]{subsection.2.7.2}{\376\377\000C}{section.2.7}% 41
\BOOKMARK [2][]{subsection.2.7.3}{\376\377\000C\000+\000+}{section.2.7}% 42
\BOOKMARK [2][]{subsection.2.7.4}{\376\377\000C\000\043}{section.2.7}% 43
\BOOKMARK [2][]{subsection.2.7.5}{\376\377\000P\000a\000s\000c\000a\000l}{section.2.7}% 44
\BOOKMARK [0][]{chapter.3}{\376\377\000I\000m\000p\000l\000e\000m\000e\000n\000t\000a\000c\000e\000\040\000k\000n\000i\000h\000o\000v\000e\000n}{}% 45
\BOOKMARK [1][]{section.3.1}{\376\377\000P\000r\000a\000v\000i\000d\000l\000a\000\040\000p\001\131\000i\000\040\000i\000m\000p\000l\000e\000m\000e\000n\000t\000a\000c\000i}{chapter.3}% 46
\BOOKMARK [1][]{section.3.2}{\376\377\000Z\000\341\000k\000l\000a\000d\000n\000\355\000\040\000t\001\131\000\355\000d\000y\000\040\000p\000r\000o\000\040\000o\000p\000e\000r\000a\000c\000e\000\040\000s\000\040\000o\000b\000j\000e\000k\000t\000y}{chapter.3}% 47
\BOOKMARK [1][]{section.3.3}{\376\377\000O\000b\000a\000l\000o\000v\000\351\000\040\000t\001\131\000\355\000d\000y\000\040\000v\000e\000s\000t\000a\000v\001\033\000n\000\375\000c\000h\000\040\000d\000a\000t\000o\000v\000\375\000c\000h\000\040\000t\000y\000p\001\157}{chapter.3}% 48
\BOOKMARK [1][]{section.3.4}{\376\377\000R\000o\000z\000h\000r\000a\000n\000\355\000\040\000s\000e\000z\000n\000a\000m\001\157\000\040\000a\000\040\000t\001\131\000\355\000d\000y\000\040\000i\000m\000p\000l\000e\000m\000e\000n\000t\000u\000j\000\355\000c\000\355\000\040\000s\000e\000z\000n\000a\000m\000y}{chapter.3}% 49
\BOOKMARK [1][]{section.3.5}{\376\377\000T\001\131\000\355\000d\000y\000\040\000p\000r\000o\000\040\000m\000a\000n\000i\000p\000u\000l\000a\000c\000i\000\040\000s\000\040\000p\000o\000l\000i\000\040\000a\000\040\000s\000e\000z\000n\000a\000m\000y}{chapter.3}% 50
\BOOKMARK [1][]{section.3.6}{\376\377\000T\001\131\000\355\000d\000y\000\040\000p\000r\000o\000\040\000o\000p\000e\000r\000a\000c\000e\000\040\000s\000\040\001\131\000e\000t\001\033\000z\000c\000i}{chapter.3}% 51
\BOOKMARK [1][]{section.3.7}{\376\377\000T\001\131\000\355\000d\000a\000\040\000p\000r\000o\000\040\000m\000a\000t\000e\000m\000a\000t\000i\000c\000k\000\351\000\040\000f\000u\000n\000k\000c\000e}{chapter.3}% 52
\BOOKMARK [1][]{section.3.8}{\376\377\000T\001\131\000\355\000d\000y\000\040\000p\000r\000o\000\040\000u\001\176\000i\000v\000a\000t\000e\000l\000s\000k\000\375\000\040\000v\000s\000t\000u\000p\000\040\000a\000\040\000v\000\375\000s\000t\000u\000p}{chapter.3}% 53
\BOOKMARK [0][]{chapter.4}{\376\377\000V\000y\000t\000v\000o\001\131\000e\000n\000\355\000\040\000a\000p\000l\000i\000k\000a\000c\000e\000\040\000p\000r\000o\000\040\000s\000p\000r\000\341\000v\000u\000\040\000z\000d\000r\000o\000j\000o\000v\000\351\000h\000o\000\040\000k\000\363\000d\000u}{}% 54
\BOOKMARK [1][]{section.4.1}{\376\377\000A\000n\000a\000l\000\375\000z\000a}{chapter.4}% 55
\BOOKMARK [2][]{subsection.4.1.1}{\376\377\000P\001\131\000\355\000p\000a\000d\000y\000\040\000u\001\176\000i\000t\000\355}{section.4.1}% 56
\BOOKMARK [2][]{subsection.4.1.2}{\376\377\000S\000t\000r\000u\000k\000t\000u\000r\000a\000\040\000a\000p\000l\000i\000k\000a\000c\000e}{section.4.1}% 57
\BOOKMARK [2][]{subsection.4.1.3}{\376\377\000V\000s\000t\000u\000p\000\040\000a\000\040\000v\000\375\000s\000t\000u\000p}{section.4.1}% 58
\BOOKMARK [2][]{subsection.4.1.4}{\376\377\000G\000r\000a\000f\000i\000c\000k\000\351\000\040\000u\001\176\000i\000v\000a\000t\000e\000l\000s\000k\000\351\000\040\000r\000o\000z\000h\000r\000a\000n\000\355}{section.4.1}% 59
\BOOKMARK [1][]{section.4.2}{\376\377\000P\000o\000p\000i\000s\000\040\000i\000m\000p\000l\000e\000m\000e\000n\000t\000a\000c\000e}{chapter.4}% 60
\BOOKMARK [2][]{subsection.4.2.1}{\376\377\000S\000t\000r\000u\000k\000t\000u\000r\000a\000\040\000b\000a\000l\000\355\000k\001\157\000\040\000a\000\040\000d\000a\000t\000o\000v\000\351\000h\000o\000\040\000a\000d\000r\000e\000s\000\341\001\131\000e}{section.4.2}% 61
\BOOKMARK [2][]{subsection.4.2.2}{\376\377\000D\000a\000t\000o\000v\000\341\000\040\000v\000r\000s\000t\000v\000a}{section.4.2}% 62
\BOOKMARK [2][]{subsection.4.2.3}{\376\377\000A\000p\000l\000i\000k\000a\001\015\000n\000\355\000\040\000v\000r\000s\000t\000v\000a}{section.4.2}% 63
\BOOKMARK [2][]{subsection.4.2.4}{\376\377\000P\000r\000e\000z\000e\000n\000t\000a\001\015\000n\000\355\000\040\000v\000r\000s\000t\000v\000a}{section.4.2}% 64
\BOOKMARK [0][]{chapter.5}{\376\377\000T\000e\000s\000t\000o\000v\000\341\000n\000\355\000\040\000a\000p\000l\000i\000k\000a\000c\000e\000\040\000a\000\040\000k\000n\000i\000h\000o\000v\000e\000n}{}% 65
\BOOKMARK [1][]{section.5.1}{\376\377\000T\000e\000s\000t\000o\000v\000\341\000n\000\355\000\040\000k\000n\000i\000h\000o\000v\000e\000n}{chapter.5}% 66
\BOOKMARK [2][]{subsection.5.1.1}{\376\377\000P\000o\000d\000m\000\355\000n\000k\000y\000\040\000a\000\040\000z\000p\001\157\000s\000o\000b\000\040\000t\000e\000s\000t\000o\000v\000\341\000n\000\355}{section.5.1}% 67
\BOOKMARK [2][]{subsection.5.1.2}{\376\377\000T\000e\000s\000t\000y\000\040\000v\000\040\000j\000a\000z\000y\000c\000e\000\040\000C}{section.5.1}% 68
\BOOKMARK [2][]{subsection.5.1.3}{\376\377\000T\000e\000s\000t\000y\000\040\000v\000\040\000j\000a\000z\000y\000c\000e\000\040\000C\000+\000+}{section.5.1}% 69
\BOOKMARK [2][]{subsection.5.1.4}{\376\377\000T\000e\000s\000t\000y\000\040\000v\000\040\000j\000a\000z\000y\000c\000e\000\040\000C\000\043}{section.5.1}% 70
\BOOKMARK [2][]{subsection.5.1.5}{\376\377\000T\000e\000s\000t\000y\000\040\000v\000\040\000j\000a\000z\000y\000c\000e\000\040\000P\000a\000s\000c\000a\000l}{section.5.1}% 71
\BOOKMARK [2][]{subsection.5.1.6}{\376\377\000T\000e\000s\000t\000y\000\040\000I\000O\000\040\000o\000p\000e\000r\000a\000c\000\355\000\040\000v\000\040\000j\000e\000d\000n\000o\000t\000l\000i\000v\000\375\000c\000h\000\040\000j\000a\000z\000y\000c\000\355\000c\000h}{section.5.1}% 72
\BOOKMARK [2][]{subsection.5.1.7}{\376\377\000V\000\375\000s\000l\000e\000d\000k\000y\000\040\000t\000e\000s\000t\000o\000v\000\341\000n\000\355\000\040\000k\000n\000i\000h\000o\000v\000e\000n}{section.5.1}% 73
\BOOKMARK [1][]{section.5.2}{\376\377\000T\000e\000s\000t\000o\000v\000\341\000n\000\355\000\040\000a\000p\000l\000i\000k\000a\000c\000e}{chapter.5}% 74
\BOOKMARK [2][]{subsection.5.2.1}{\376\377\000T\000e\000s\000t\000y\000\040\000j\000\341\000d\000r\000a}{section.5.2}% 75
\BOOKMARK [2][]{subsection.5.2.2}{\376\377\000T\000e\000s\000t\000y\000\040\000u\001\176\000i\000v\000a\000t\000e\000l\000s\000k\000\351\000h\000o\000\040\000r\000o\000z\000h\000r\000a\000n\000\355}{section.5.2}% 76
\BOOKMARK [2][]{subsection.5.2.3}{\376\377\000V\000\375\000s\000l\000e\000d\000k\000y\000\040\000t\000e\000s\000t\000o\000v\000\341\000n\000\355\000\040\000a\000p\000l\000i\000k\000a\000c\000e}{section.5.2}% 77
\BOOKMARK [0][]{chapter.6}{\376\377\000Z\000\341\000v\001\033\000r}{}% 78
\BOOKMARK [0][]{chapter*.5}{\376\377\000L\000i\000t\000e\000r\000a\000t\000u\000r\000a}{}% 79
\BOOKMARK [0][]{appendix.A}{\376\377\000D\000i\000a\000g\000r\000a\000m\000\040\000p\001\131\000\355\000p\000a\000d\001\157\000\040\000u\001\176\000i\000t\000\355\000\040\000a\000p\000l\000i\000k\000a\000c\000e}{}% 80
\BOOKMARK [0][]{appendix.B}{\376\377\000U\000M\000L\000\040\000d\000i\000a\000g\000r\000a\000m\000\040\000t\001\131\000\355\000d\000\040\000a\000p\000l\000i\000k\000a\000c\000e}{}% 81
\BOOKMARK [0][]{appendix.C}{\376\377\000P\001\131\000\355\000k\000l\000a\000d\000\040\000k\000\363\000d\000u\000\040\000d\000a\000t\000o\000v\000\375\000c\000h\000\040\000X\000M\000L\000\040\000s\000o\000u\000b\000o\000r\001\157}{}% 82
\BOOKMARK [0][]{appendix.D}{\376\377\000U\001\176\000i\000v\000a\000t\000e\000l\000s\000k\000\341\000\040\000p\001\131\000\355\000r\000u\001\015\000k\000a\000\040\000a\000p\000l\000i\000k\000a\000c\000e}{}% 83
\BOOKMARK [1][]{section.D.1}{\376\377\000P\000o\000p\000i\000s\000\040\000u\001\176\000i\000v\000a\000t\000e\000l\000s\000k\000\351\000h\000o\000\040\000r\000o\000z\000h\000r\000a\000n\000\355}{appendix.D}% 84
\BOOKMARK [1][]{section.D.2}{\376\377\000Z\000o\000b\000r\000a\000z\000e\000n\000\355\000\040\000k\000\363\000d\000u}{appendix.D}% 85
\BOOKMARK [1][]{section.D.3}{\376\377\000Z\000m\001\033\000n\000a\000\040\000v\000\040\000s\000e\000z\000n\000a\000m\000u\000\040\000t\001\131\000\355\000d}{appendix.D}% 86
\BOOKMARK [1][]{section.D.4}{\376\377\000Z\000m\001\033\000n\000a\000\040\000v\000\040\000s\000e\000z\000n\000a\000m\000u\000\040\000j\000a\000z\000y\000k\001\157}{appendix.D}% 87
\BOOKMARK [1][]{section.D.5}{\376\377\000\332\000p\000r\000a\000v\000a\000\040\000k\000\363\000d\000u}{appendix.D}% 88
\BOOKMARK [0][]{appendix.E}{\376\377\000N\000\341\000s\000t\000r\000o\000j\000\040\000p\000r\000o\000\040\000p\001\131\000e\000v\000o\000d\000\040\000k\000\363\000d\000u}{}% 89
\BOOKMARK [1][]{section.E.1}{\376\377\000P\000o\000p\000i\000s\000\040\000u\001\176\000i\000v\000a\000t\000e\000l\000s\000k\000\351\000h\000o\000\040\000r\000o\000z\000h\000r\000a\000n\000\355}{appendix.E}% 90
\BOOKMARK [1][]{section.E.2}{\376\377\000P\001\131\000e\000v\000o\000d\000\040\000k\000\363\000d\000u}{appendix.E}% 91
\BOOKMARK [1][]{section.E.3}{\376\377\000K\000o\000n\000f\000i\000g\000u\000r\000a\000c\000e}{appendix.E}% 92
