This is pdfTeX, Version 3.1415926-2.5-1.40.14 (MiKTeX 2.9 64-bit) (preloaded format=pdflatex 2015.9.28)  26 MAY 2016 08:02
entering extended mode
**C:/Users/pkout/Dropbox/bp/dokumentace/BPINI_OLD/bakalarka.tex
(C:/Users/pkout/Dropbox/bp/dokumentace/BPINI_OLD/bakalarka.tex
LaTeX2e <2011/06/27>
Babel <v3.8m> and hyphenation patterns for english, afrikaans, ancientgreek, ar
abic, armenian, assamese, basque, bengali, bokmal, bulgarian, catalan, coptic, 
croatian, czech, danish, dutch, esperanto, estonian, farsi, finnish, french, ga
lician, german, german-x-2013-05-26, greek, gujarati, hindi, hungarian, iceland
ic, indonesian, interlingua, irish, italian, kannada, kurmanji, latin, latvian,
 lithuanian, malayalam, marathi, mongolian, mongolianlmc, monogreek, ngerman, n
german-x-2013-05-26, nynorsk, oriya, panjabi, pinyin, polish, portuguese, roman
ian, russian, sanskrit, serbian, slovak, slovenian, spanish, swedish, swissgerm
an, tamil, telugu, turkish, turkmen, ukenglish, ukrainian, uppersorbian, usengl
ishmax, welsh, loaded.
(C:\Users\pkout\Dropbox\bp\dokumentace\BPINI_OLD\bakalarka.cls
Document Class: bakalarka 2005/09/16 v1.4f Standard LaTeX document class
("C:\Program Files\MiKTeX 2.9\tex\latex\base\size12.clo"
File: size12.clo 2007/10/19 v1.4h Standard LaTeX file (size option)
)
\c@part=\count79
\c@chapter=\count80
\c@section=\count81
\c@subsection=\count82
\c@subsubsection=\count83
\c@paragraph=\count84
\c@subparagraph=\count85
\c@figure=\count86
\c@table=\count87
\abovecaptionskip=\skip41
\belowcaptionskip=\skip42
\bibindent=\dimen102
)
("C:\Program Files\MiKTeX 2.9\tex\latex\base\inputenc.sty"
Package: inputenc 2008/03/30 v1.1d Input encoding file
\inpenc@prehook=\toks14
\inpenc@posthook=\toks15

("C:\Program Files\MiKTeX 2.9\tex\latex\base\utf8.def"
File: utf8.def 2008/04/05 v1.1m UTF-8 support for inputenc
Now handling font encoding OML ...
... no UTF-8 mapping file for font encoding OML
Now handling font encoding T1 ...
... processing UTF-8 mapping file for font encoding T1

("C:\Program Files\MiKTeX 2.9\tex\latex\base\t1enc.dfu"
File: t1enc.dfu 2008/04/05 v1.1m UTF-8 support for inputenc
   defining Unicode char U+00A1 (decimal 161)
   defining Unicode char U+00A3 (decimal 163)
   defining Unicode char U+00AB (decimal 171)
   defining Unicode char U+00BB (decimal 187)
   defining Unicode char U+00BF (decimal 191)
   defining Unicode char U+00C0 (decimal 192)
   defining Unicode char U+00C1 (decimal 193)
   defining Unicode char U+00C2 (decimal 194)
   defining Unicode char U+00C3 (decimal 195)
   defining Unicode char U+00C4 (decimal 196)
   defining Unicode char U+00C5 (decimal 197)
   defining Unicode char U+00C6 (decimal 198)
   defining Unicode char U+00C7 (decimal 199)
   defining Unicode char U+00C8 (decimal 200)
   defining Unicode char U+00C9 (decimal 201)
   defining Unicode char U+00CA (decimal 202)
   defining Unicode char U+00CB (decimal 203)
   defining Unicode char U+00CC (decimal 204)
   defining Unicode char U+00CD (decimal 205)
   defining Unicode char U+00CE (decimal 206)
   defining Unicode char U+00CF (decimal 207)
   defining Unicode char U+00D0 (decimal 208)
   defining Unicode char U+00D1 (decimal 209)
   defining Unicode char U+00D2 (decimal 210)
   defining Unicode char U+00D3 (decimal 211)
   defining Unicode char U+00D4 (decimal 212)
   defining Unicode char U+00D5 (decimal 213)
   defining Unicode char U+00D6 (decimal 214)
   defining Unicode char U+00D8 (decimal 216)
   defining Unicode char U+00D9 (decimal 217)
   defining Unicode char U+00DA (decimal 218)
   defining Unicode char U+00DB (decimal 219)
   defining Unicode char U+00DC (decimal 220)
   defining Unicode char U+00DD (decimal 221)
   defining Unicode char U+00DE (decimal 222)
   defining Unicode char U+00DF (decimal 223)
   defining Unicode char U+00E0 (decimal 224)
   defining Unicode char U+00E1 (decimal 225)
   defining Unicode char U+00E2 (decimal 226)
   defining Unicode char U+00E3 (decimal 227)
   defining Unicode char U+00E4 (decimal 228)
   defining Unicode char U+00E5 (decimal 229)
   defining Unicode char U+00E6 (decimal 230)
   defining Unicode char U+00E7 (decimal 231)
   defining Unicode char U+00E8 (decimal 232)
   defining Unicode char U+00E9 (decimal 233)
   defining Unicode char U+00EA (decimal 234)
   defining Unicode char U+00EB (decimal 235)
   defining Unicode char U+00EC (decimal 236)
   defining Unicode char U+00ED (decimal 237)
   defining Unicode char U+00EE (decimal 238)
   defining Unicode char U+00EF (decimal 239)
   defining Unicode char U+00F0 (decimal 240)
   defining Unicode char U+00F1 (decimal 241)
   defining Unicode char U+00F2 (decimal 242)
   defining Unicode char U+00F3 (decimal 243)
   defining Unicode char U+00F4 (decimal 244)
   defining Unicode char U+00F5 (decimal 245)
   defining Unicode char U+00F6 (decimal 246)
   defining Unicode char U+00F8 (decimal 248)
   defining Unicode char U+00F9 (decimal 249)
   defining Unicode char U+00FA (decimal 250)
   defining Unicode char U+00FB (decimal 251)
   defining Unicode char U+00FC (decimal 252)
   defining Unicode char U+00FD (decimal 253)
   defining Unicode char U+00FE (decimal 254)
   defining Unicode char U+00FF (decimal 255)
   defining Unicode char U+0102 (decimal 258)
   defining Unicode char U+0103 (decimal 259)
   defining Unicode char U+0104 (decimal 260)
   defining Unicode char U+0105 (decimal 261)
   defining Unicode char U+0106 (decimal 262)
   defining Unicode char U+0107 (decimal 263)
   defining Unicode char U+010C (decimal 268)
   defining Unicode char U+010D (decimal 269)
   defining Unicode char U+010E (decimal 270)
   defining Unicode char U+010F (decimal 271)
   defining Unicode char U+0110 (decimal 272)
   defining Unicode char U+0111 (decimal 273)
   defining Unicode char U+0118 (decimal 280)
   defining Unicode char U+0119 (decimal 281)
   defining Unicode char U+011A (decimal 282)
   defining Unicode char U+011B (decimal 283)
   defining Unicode char U+011E (decimal 286)
   defining Unicode char U+011F (decimal 287)
   defining Unicode char U+0130 (decimal 304)
   defining Unicode char U+0131 (decimal 305)
   defining Unicode char U+0132 (decimal 306)
   defining Unicode char U+0133 (decimal 307)
   defining Unicode char U+0139 (decimal 313)
   defining Unicode char U+013A (decimal 314)
   defining Unicode char U+013D (decimal 317)
   defining Unicode char U+013E (decimal 318)
   defining Unicode char U+0141 (decimal 321)
   defining Unicode char U+0142 (decimal 322)
   defining Unicode char U+0143 (decimal 323)
   defining Unicode char U+0144 (decimal 324)
   defining Unicode char U+0147 (decimal 327)
   defining Unicode char U+0148 (decimal 328)
   defining Unicode char U+014A (decimal 330)
   defining Unicode char U+014B (decimal 331)
   defining Unicode char U+0150 (decimal 336)
   defining Unicode char U+0151 (decimal 337)
   defining Unicode char U+0152 (decimal 338)
   defining Unicode char U+0153 (decimal 339)
   defining Unicode char U+0154 (decimal 340)
   defining Unicode char U+0155 (decimal 341)
   defining Unicode char U+0158 (decimal 344)
   defining Unicode char U+0159 (decimal 345)
   defining Unicode char U+015A (decimal 346)
   defining Unicode char U+015B (decimal 347)
   defining Unicode char U+015E (decimal 350)
   defining Unicode char U+015F (decimal 351)
   defining Unicode char U+0160 (decimal 352)
   defining Unicode char U+0161 (decimal 353)
   defining Unicode char U+0162 (decimal 354)
   defining Unicode char U+0163 (decimal 355)
   defining Unicode char U+0164 (decimal 356)
   defining Unicode char U+0165 (decimal 357)
   defining Unicode char U+016E (decimal 366)
   defining Unicode char U+016F (decimal 367)
   defining Unicode char U+0170 (decimal 368)
   defining Unicode char U+0171 (decimal 369)
   defining Unicode char U+0178 (decimal 376)
   defining Unicode char U+0179 (decimal 377)
   defining Unicode char U+017A (decimal 378)
   defining Unicode char U+017B (decimal 379)
   defining Unicode char U+017C (decimal 380)
   defining Unicode char U+017D (decimal 381)
   defining Unicode char U+017E (decimal 382)
   defining Unicode char U+200C (decimal 8204)
   defining Unicode char U+2013 (decimal 8211)
   defining Unicode char U+2014 (decimal 8212)
   defining Unicode char U+2018 (decimal 8216)
   defining Unicode char U+2019 (decimal 8217)
   defining Unicode char U+201A (decimal 8218)
   defining Unicode char U+201C (decimal 8220)
   defining Unicode char U+201D (decimal 8221)
   defining Unicode char U+201E (decimal 8222)
   defining Unicode char U+2030 (decimal 8240)
   defining Unicode char U+2031 (decimal 8241)
   defining Unicode char U+2039 (decimal 8249)
   defining Unicode char U+203A (decimal 8250)
   defining Unicode char U+2423 (decimal 9251)
)
Now handling font encoding OT1 ...
... processing UTF-8 mapping file for font encoding OT1

("C:\Program Files\MiKTeX 2.9\tex\latex\base\ot1enc.dfu"
File: ot1enc.dfu 2008/04/05 v1.1m UTF-8 support for inputenc
   defining Unicode char U+00A1 (decimal 161)
   defining Unicode char U+00A3 (decimal 163)
   defining Unicode char U+00B8 (decimal 184)
   defining Unicode char U+00BF (decimal 191)
   defining Unicode char U+00C5 (decimal 197)
   defining Unicode char U+00C6 (decimal 198)
   defining Unicode char U+00D8 (decimal 216)
   defining Unicode char U+00DF (decimal 223)
   defining Unicode char U+00E6 (decimal 230)
   defining Unicode char U+00EC (decimal 236)
   defining Unicode char U+00ED (decimal 237)
   defining Unicode char U+00EE (decimal 238)
   defining Unicode char U+00EF (decimal 239)
   defining Unicode char U+00F8 (decimal 248)
   defining Unicode char U+0131 (decimal 305)
   defining Unicode char U+0141 (decimal 321)
   defining Unicode char U+0142 (decimal 322)
   defining Unicode char U+0152 (decimal 338)
   defining Unicode char U+0153 (decimal 339)
   defining Unicode char U+2013 (decimal 8211)
   defining Unicode char U+2014 (decimal 8212)
   defining Unicode char U+2018 (decimal 8216)
   defining Unicode char U+2019 (decimal 8217)
   defining Unicode char U+201C (decimal 8220)
   defining Unicode char U+201D (decimal 8221)
)
Now handling font encoding OMS ...
... processing UTF-8 mapping file for font encoding OMS

("C:\Program Files\MiKTeX 2.9\tex\latex\base\omsenc.dfu"
File: omsenc.dfu 2008/04/05 v1.1m UTF-8 support for inputenc
   defining Unicode char U+00A7 (decimal 167)
   defining Unicode char U+00B6 (decimal 182)
   defining Unicode char U+00B7 (decimal 183)
   defining Unicode char U+2020 (decimal 8224)
   defining Unicode char U+2021 (decimal 8225)
   defining Unicode char U+2022 (decimal 8226)
)
Now handling font encoding OMX ...
... no UTF-8 mapping file for font encoding OMX
Now handling font encoding U ...
... no UTF-8 mapping file for font encoding U
   defining Unicode char U+00A9 (decimal 169)
   defining Unicode char U+00AA (decimal 170)
   defining Unicode char U+00AE (decimal 174)
   defining Unicode char U+00BA (decimal 186)
   defining Unicode char U+02C6 (decimal 710)
   defining Unicode char U+02DC (decimal 732)
   defining Unicode char U+200C (decimal 8204)
   defining Unicode char U+2026 (decimal 8230)
   defining Unicode char U+2122 (decimal 8482)
   defining Unicode char U+2423 (decimal 9251)
))
("C:\Program Files\MiKTeX 2.9\tex\generic\babel\babel.sty"
Package: babel 2008/07/08 v3.8m The Babel package

*************************************
* Local config file bblopts.cfg used
*
("C:\Program Files\MiKTeX 2.9\tex\latex\00miktex\bblopts.cfg"
File: bblopts.cfg 2006/07/31 v1.0 MiKTeX 'babel' configuration
)
("C:\Program Files\MiKTeX 2.9\tex\generic\babel\czech.ldf"
Language: czech 2008/07/06 v3.1a Czech support from the babel system

("C:\Program Files\MiKTeX 2.9\tex\generic\babel\babel.def"
File: babel.def 2008/07/08 v3.8m Babel common definitions
\babel@savecnt=\count88
\U@D=\dimen103
)
Package babel Info: Making " an active character on input line 172.
\cs@wordlen=\count89
Package babel Info: Making - an active character on input line 226.
))
("C:\Program Files\MiKTeX 2.9\tex\latex\ae\ae.sty"
Package: ae 2001/02/12 1.3 Almost European Computer Modern

("C:\Program Files\MiKTeX 2.9\tex\latex\base\fontenc.sty"
Package: fontenc 2005/09/27 v1.99g Standard LaTeX package

("C:\Program Files\MiKTeX 2.9\tex\latex\base\t1enc.def"
File: t1enc.def 2005/09/27 v1.99g Standard LaTeX file
LaTeX Font Info:    Redeclaring font encoding T1 on input line 43.
)
LaTeX Font Info:    Try loading font information for T1+aer on input line 100.

("C:\Program Files\MiKTeX 2.9\tex\latex\ae\t1aer.fd"
File: t1aer.fd 1997/11/16 Font definitions for T1/aer.
)))
("C:\Program Files\MiKTeX 2.9\tex\latex\fancyhdr\fancyhdr.sty"
\fancy@headwidth=\skip43
\f@ncyO@elh=\skip44
\f@ncyO@erh=\skip45
\f@ncyO@olh=\skip46
\f@ncyO@orh=\skip47
\f@ncyO@elf=\skip48
\f@ncyO@erf=\skip49
\f@ncyO@olf=\skip50
\f@ncyO@orf=\skip51
)
("C:\Program Files\MiKTeX 2.9\tex\latex\cite\cite.sty"
LaTeX Info: Redefining \cite on input line 302.
LaTeX Info: Redefining \nocite on input line 373.
Package: cite 2010/09/10  v 5.3
)
("C:\Program Files\MiKTeX 2.9\tex\latex\url\url.sty"
\Urlmuskip=\muskip10
Package: url 2006/04/12  ver 3.3  Verb mode for urls, etc.
)
("C:\Program Files\MiKTeX 2.9\tex\latex\svg\svg.sty"
Package: svg 2012/09/05 v1.0 SVG inclusion and extraction

("C:\Program Files\MiKTeX 2.9\tex\latex\xkeyval\xkeyval.sty"
Package: xkeyval 2012/10/14 v2.6b package option processing (HA)

("C:\Program Files\MiKTeX 2.9\tex\generic\xkeyval\xkeyval.tex"
\XKV@toks=\toks16
\XKV@tempa@toks=\toks17
\XKV@depth=\count90
File: xkeyval.tex 2012/10/14 v2.6b key=value parser (HA)

("C:\Program Files\MiKTeX 2.9\tex\generic\xkeyval\keyval.tex")))
("C:\Program Files\MiKTeX 2.9\tex\latex\subfig\subfig.sty"
Package: subfig 2005/06/28 ver: 1.3 subfig package

("C:\Program Files\MiKTeX 2.9\tex\latex\caption\caption.sty"
Package: caption 2013/05/02 v3.3-89 Customizing captions (AR)

("C:\Program Files\MiKTeX 2.9\tex\latex\caption\caption3.sty"
Package: caption3 2013/05/02 v1.6-88 caption3 kernel (AR)
Package caption3 Info: TeX engine: e-TeX on input line 57.
\captionmargin=\dimen104
\captionmargin@=\dimen105
\captionwidth=\dimen106
\caption@tempdima=\dimen107
\caption@indent=\dimen108
\caption@parindent=\dimen109
\caption@hangindent=\dimen110
)
\c@ContinuedFloat=\count91
)
\c@KVtest=\count92
\sf@farskip=\skip52
\sf@captopadj=\dimen111
\sf@capskip=\skip53
\sf@nearskip=\skip54
\c@subfigure=\count93
\c@subfigure@save=\count94
\c@lofdepth=\count95
\c@subtable=\count96
\c@subtable@save=\count97
\c@lotdepth=\count98
\sf@top=\skip55
\sf@bottom=\skip56
)
("C:\Program Files\MiKTeX 2.9\tex\latex\import\import.sty"
Package: import 2009/03/23  v 5.1
)
("C:\Program Files\MiKTeX 2.9\tex\latex\graphics\graphicx.sty"
Package: graphicx 1999/02/16 v1.0f Enhanced LaTeX Graphics (DPC,SPQR)

("C:\Program Files\MiKTeX 2.9\tex\latex\graphics\graphics.sty"
Package: graphics 2009/02/05 v1.0o Standard LaTeX Graphics (DPC,SPQR)

("C:\Program Files\MiKTeX 2.9\tex\latex\graphics\trig.sty"
Package: trig 1999/03/16 v1.09 sin cos tan (DPC)
)
("C:\Program Files\MiKTeX 2.9\tex\latex\00miktex\graphics.cfg"
File: graphics.cfg 2007/01/18 v1.5 graphics configuration of teTeX/TeXLive
)
Package graphics Info: Driver file: pdftex.def on input line 91.

("C:\Program Files\MiKTeX 2.9\tex\latex\pdftex-def\pdftex.def"
File: pdftex.def 2011/05/27 v0.06d Graphics/color for pdfTeX

("C:\Program Files\MiKTeX 2.9\tex\generic\oberdiek\infwarerr.sty"
Package: infwarerr 2010/04/08 v1.3 Providing info/warning/error messages (HO)
)
("C:\Program Files\MiKTeX 2.9\tex\generic\oberdiek\ltxcmds.sty"
Package: ltxcmds 2011/11/09 v1.22 LaTeX kernel commands for general use (HO)
)
\Gread@gobject=\count99
))
\Gin@req@height=\dimen112
\Gin@req@width=\dimen113
)
("C:\Program Files\MiKTeX 2.9\tex\latex\oberdiek\transparent.sty"
Package: transparent 2007/01/08 v1.0 Transparency via pdfTeX's color stack (HO)


("C:\Program Files\MiKTeX 2.9\tex\generic\oberdiek\ifpdf.sty"
Package: ifpdf 2011/01/30 v2.3 Provides the ifpdf switch (HO)
Package ifpdf Info: pdfTeX in PDF mode is detected.
)
("C:\Program Files\MiKTeX 2.9\tex\latex\oberdiek\auxhook.sty"
Package: auxhook 2011/03/04 v1.3 Hooks for auxiliary files (HO)
))
("C:\Program Files\MiKTeX 2.9\tex\latex\xcolor\xcolor.sty"
Package: xcolor 2007/01/21 v2.11 LaTeX color extensions (UK)

("C:\Program Files\MiKTeX 2.9\tex\latex\00miktex\color.cfg"
File: color.cfg 2007/01/18 v1.5 color configuration of teTeX/TeXLive
)
Package xcolor Info: Driver file: pdftex.def on input line 225.
Package xcolor Info: Model `cmy' substituted by `cmy0' on input line 1337.
Package xcolor Info: Model `hsb' substituted by `rgb' on input line 1341.
Package xcolor Info: Model `RGB' extended on input line 1353.
Package xcolor Info: Model `HTML' substituted by `rgb' on input line 1355.
Package xcolor Info: Model `Hsb' substituted by `hsb' on input line 1356.
Package xcolor Info: Model `tHsb' substituted by `hsb' on input line 1357.
Package xcolor Info: Model `HSB' substituted by `hsb' on input line 1358.
Package xcolor Info: Model `Gray' substituted by `gray' on input line 1359.
Package xcolor Info: Model `wave' substituted by `hsb' on input line 1360.
)
\SVG@out@width=\skip57
\SVG@out@height=\skip58
\c@svgfigure=\count100
)
("C:\Program Files\MiKTeX 2.9\tex\latex\amsmath\amsmath.sty"
Package: amsmath 2013/01/14 v2.14 AMS math features
\@mathmargin=\skip59

For additional information on amsmath, use the `?' option.
("C:\Program Files\MiKTeX 2.9\tex\latex\amsmath\amstext.sty"
Package: amstext 2000/06/29 v2.01

("C:\Program Files\MiKTeX 2.9\tex\latex\amsmath\amsgen.sty"
File: amsgen.sty 1999/11/30 v2.0
\@emptytoks=\toks18
\ex@=\dimen114
))
("C:\Program Files\MiKTeX 2.9\tex\latex\amsmath\amsbsy.sty"
Package: amsbsy 1999/11/29 v1.2d
\pmbraise@=\dimen115
)
("C:\Program Files\MiKTeX 2.9\tex\latex\amsmath\amsopn.sty"
Package: amsopn 1999/12/14 v2.01 operator names
)
\inf@bad=\count101
LaTeX Info: Redefining \frac on input line 210.
\uproot@=\count102
\leftroot@=\count103
LaTeX Info: Redefining \overline on input line 306.
\classnum@=\count104
\DOTSCASE@=\count105
LaTeX Info: Redefining \ldots on input line 378.
LaTeX Info: Redefining \dots on input line 381.
LaTeX Info: Redefining \cdots on input line 466.
\Mathstrutbox@=\box26
\strutbox@=\box27
\big@size=\dimen116
LaTeX Font Info:    Redeclaring font encoding OML on input line 566.
LaTeX Font Info:    Redeclaring font encoding OMS on input line 567.
\macc@depth=\count106
\c@MaxMatrixCols=\count107
\dotsspace@=\muskip11
\c@parentequation=\count108
\dspbrk@lvl=\count109
\tag@help=\toks19
\row@=\count110
\column@=\count111
\maxfields@=\count112
\andhelp@=\toks20
\eqnshift@=\dimen117
\alignsep@=\dimen118
\tagshift@=\dimen119
\tagwidth@=\dimen120
\totwidth@=\dimen121
\lineht@=\dimen122
\@envbody=\toks21
\multlinegap=\skip60
\multlinetaggap=\skip61
\mathdisplay@stack=\toks22
LaTeX Info: Redefining \[ on input line 2665.
LaTeX Info: Redefining \] on input line 2666.
)
("C:\Program Files\MiKTeX 2.9\tex\latex\pdfpages\pdfpages.sty"
Package: pdfpages 2013/08/25 v0.4v Insert pages of external PDF documents (AM)

("C:\Program Files\MiKTeX 2.9\tex\latex\base\ifthen.sty"
Package: ifthen 2001/05/26 v1.1c Standard LaTeX ifthen package (DPC)
)
("C:\Program Files\MiKTeX 2.9\tex\latex\tools\calc.sty"
Package: calc 2007/08/22 v4.3 Infix arithmetic (KKT,FJ)
\calc@Acount=\count113
\calc@Bcount=\count114
\calc@Adimen=\dimen123
\calc@Bdimen=\dimen124
\calc@Askip=\skip62
\calc@Bskip=\skip63
LaTeX Info: Redefining \setlength on input line 76.
LaTeX Info: Redefining \addtolength on input line 77.
\calc@Ccount=\count115
\calc@Cskip=\skip64
)
("C:\Program Files\MiKTeX 2.9\tex\latex\eso-pic\eso-pic.sty"
Package: eso-pic 2010/10/06 v2.0c eso-pic (RN)

("C:\Program Files\MiKTeX 2.9\tex\generic\oberdiek\atbegshi.sty"
Package: atbegshi 2011/10/05 v1.16 At begin shipout hook (HO)
))
("C:\Program Files\MiKTeX 2.9\tex\latex\pdfpages\pppdftex.def"
File: pppdftex.def 2013/08/25 v0.4v Pdfpages driver for pdfTeX (AM)
)
\AM@pagebox=\box28
\AM@toc@title=\toks23
\c@AM@survey=\count116
\AM@templatesizebox=\box29
)
("C:\Program Files\MiKTeX 2.9\tex\latex\tools\verbatim.sty"
Package: verbatim 2003/08/22 v1.5q LaTeX2e package for verbatim enhancements
\every@verbatim=\toks24
\verbatim@line=\toks25
\verbatim@in@stream=\read1
)

LaTeX Warning: Unused global option(s):
    [onepage].

(C:\Users\pkout\Dropbox\bp\dokumentace\BPINI_OLD\bakalarka.aux)
LaTeX Font Info:    Checking defaults for OML/cmm/m/it on input line 37.
LaTeX Font Info:    ... okay on input line 37.
LaTeX Font Info:    Checking defaults for T1/cmr/m/n on input line 37.
LaTeX Font Info:    ... okay on input line 37.
LaTeX Font Info:    Checking defaults for OT1/cmr/m/n on input line 37.
LaTeX Font Info:    ... okay on input line 37.
LaTeX Font Info:    Checking defaults for OMS/cmsy/m/n on input line 37.
LaTeX Font Info:    ... okay on input line 37.
LaTeX Font Info:    Checking defaults for OMX/cmex/m/n on input line 37.
LaTeX Font Info:    ... okay on input line 37.
LaTeX Font Info:    Checking defaults for U/cmr/m/n on input line 37.
LaTeX Font Info:    ... okay on input line 37.
Package caption Info: Begin \AtBeginDocument code.
Package caption Info: subfig package v1.3 is loaded.
Package caption Info: End \AtBeginDocument code.

("C:\Program Files\MiKTeX 2.9\tex\context\base\supp-pdf.mkii"
[Loading MPS to PDF converter (version 2006.09.02).]
\scratchcounter=\count117
\scratchdimen=\dimen125
\scratchbox=\box30
\nofMPsegments=\count118
\nofMParguments=\count119
\everyMPshowfont=\toks26
\MPscratchCnt=\count120
\MPscratchDim=\dimen126
\MPnumerator=\count121
\makeMPintoPDFobject=\count122
\everyMPtoPDFconversion=\toks27
)
\AtBeginShipoutBox=\box31
LaTeX Font Info:    Calculating math sizes for size <16> on input line 44.


LaTeX Font Warning: Font shape `OT1/cmr/m/n' in size <16> not available
(Font)              size <17.28> substituted on input line 44.


LaTeX Font Warning: Font shape `OML/cmm/m/it' in size <16> not available
(Font)              size <17.28> substituted on input line 44.


LaTeX Font Warning: Font shape `OMS/cmsy/m/n' in size <16> not available
(Font)              size <17.28> substituted on input line 44.


LaTeX Font Warning: Font shape `OMX/cmex/m/n' in size <16> not available
(Font)              size <17.28> substituted on input line 44.

[1

{C:/ProgramData/MiKTeX/2.9/pdftex/config/pdftex.map}] [1

] [2

]
(C:\Users\pkout\Dropbox\bp\dokumentace\BPINI_OLD\bakalarka.toc [3

]

Package Fancyhdr Warning: \headheight is too small (12.0pt): 
 Make it at least 14.49998pt.
 We now make it that large for the rest of the document.
 This may cause the page layout to be inconsistent, however.

[4])
\tf@toc=\write3


Package Fancyhdr Warning: \headheight is too small (12.0pt): 
 Make it at least 14.49998pt.
 We now make it that large for the rest of the document.
 This may cause the page layout to be inconsistent, however.

[5]
Kapitola 1.
[1

]
Kapitola 2.
LaTeX Font Info:    Try loading font information for T1+aett on input line 90.
("C:\Program Files\MiKTeX 2.9\tex\latex\ae\t1aett.fd"
File: t1aett.fd 1997/11/16 Font definitions for T1/aett.
) [2

]

Package Fancyhdr Warning: \headheight is too small (12.0pt): 
 Make it at least 14.49998pt.
 We now make it that large for the rest of the document.
 This may cause the page layout to be inconsistent, however.

[3]

Package Fancyhdr Warning: \headheight is too small (12.0pt): 
 Make it at least 14.49998pt.
 We now make it that large for the rest of the document.
 This may cause the page layout to be inconsistent, however.

[4]

Package Fancyhdr Warning: \headheight is too small (12.0pt): 
 Make it at least 14.49998pt.
 We now make it that large for the rest of the document.
 This may cause the page layout to be inconsistent, however.

[5]

Package Fancyhdr Warning: \headheight is too small (12.0pt): 
 Make it at least 14.49998pt.
 We now make it that large for the rest of the document.
 This may cause the page layout to be inconsistent, however.

[6]

Package Fancyhdr Warning: \headheight is too small (12.0pt): 
 Make it at least 14.49998pt.
 We now make it that large for the rest of the document.
 This may cause the page layout to be inconsistent, however.

[7]

Package Fancyhdr Warning: \headheight is too small (12.0pt): 
 Make it at least 14.49998pt.
 We now make it that large for the rest of the document.
 This may cause the page layout to be inconsistent, however.

[8]

Package Fancyhdr Warning: \headheight is too small (12.0pt): 
 Make it at least 14.49998pt.
 We now make it that large for the rest of the document.
 This may cause the page layout to be inconsistent, however.

[9]

Package Fancyhdr Warning: \headheight is too small (12.0pt): 
 Make it at least 14.49998pt.
 We now make it that large for the rest of the document.
 This may cause the page layout to be inconsistent, however.

[10]

Package Fancyhdr Warning: \headheight is too small (12.0pt): 
 Make it at least 14.49998pt.
 We now make it that large for the rest of the document.
 This may cause the page layout to be inconsistent, however.

[11]

Package Fancyhdr Warning: \headheight is too small (12.0pt): 
 Make it at least 14.49998pt.
 We now make it that large for the rest of the document.
 This may cause the page layout to be inconsistent, however.

[12]

Package Fancyhdr Warning: \headheight is too small (12.0pt): 
 Make it at least 14.49998pt.
 We now make it that large for the rest of the document.
 This may cause the page layout to be inconsistent, however.

[13]

Package Fancyhdr Warning: \headheight is too small (12.0pt): 
 Make it at least 14.49998pt.
 We now make it that large for the rest of the document.
 This may cause the page layout to be inconsistent, however.

[14]

Package Fancyhdr Warning: \headheight is too small (12.0pt): 
 Make it at least 14.89197pt.
 We now make it that large for the rest of the document.
 This may cause the page layout to be inconsistent, however.

[15]

Package Fancyhdr Warning: \headheight is too small (12.0pt): 
 Make it at least 14.89197pt.
 We now make it that large for the rest of the document.
 This may cause the page layout to be inconsistent, however.

[16]
Overfull \hbox (1.61572pt too wide) in paragraph at lines 314--315
\T1/aer/m/n/12 N¥které ma-te-ma-tické funkce (ve-dle celé °ady ji-ných), jako n
ap°. \T1/aett/m/n/12 Abs()\T1/aer/m/n/12 , \T1/aett/m/n/12 Sin()\T1/aer/m/n/12 
,
 []


Package Fancyhdr Warning: \headheight is too small (12.0pt): 
 Make it at least 14.49998pt.
 We now make it that large for the rest of the document.
 This may cause the page layout to be inconsistent, however.

[17]

Package Fancyhdr Warning: \headheight is too small (12.0pt): 
 Make it at least 14.49998pt.
 We now make it that large for the rest of the document.
 This may cause the page layout to be inconsistent, however.

[18]

Package Fancyhdr Warning: \headheight is too small (12.0pt): 
 Make it at least 14.49998pt.
 We now make it that large for the rest of the document.
 This may cause the page layout to be inconsistent, however.

[19]

Package Fancyhdr Warning: \headheight is too small (12.0pt): 
 Make it at least 14.49998pt.
 We now make it that large for the rest of the document.
 This may cause the page layout to be inconsistent, however.

[20]
Kapitola 3.
[21

]

Package Fancyhdr Warning: \headheight is too small (12.0pt): 
 Make it at least 14.49998pt.
 We now make it that large for the rest of the document.
 This may cause the page layout to be inconsistent, however.

[22]

Package Fancyhdr Warning: \headheight is too small (12.0pt): 
 Make it at least 14.49998pt.
 We now make it that large for the rest of the document.
 This may cause the page layout to be inconsistent, however.

[23]

Package Fancyhdr Warning: \headheight is too small (12.0pt): 
 Make it at least 14.49998pt.
 We now make it that large for the rest of the document.
 This may cause the page layout to be inconsistent, however.

[24]

Package Fancyhdr Warning: \headheight is too small (12.0pt): 
 Make it at least 14.49998pt.
 We now make it that large for the rest of the document.
 This may cause the page layout to be inconsistent, however.

[25]

Package Fancyhdr Warning: \headheight is too small (12.0pt): 
 Make it at least 14.49998pt.
 We now make it that large for the rest of the document.
 This may cause the page layout to be inconsistent, however.

[26]

Package Fancyhdr Warning: \headheight is too small (12.0pt): 
 Make it at least 14.49998pt.
 We now make it that large for the rest of the document.
 This may cause the page layout to be inconsistent, however.

[27]
Overfull \hbox (18.46077pt too wide) in paragraph at lines 407--408
\T1/aer/m/n/12 ja-zyka pro na-po-do-bení me-tod t°ídy \T1/aett/m/n/12 String\T1
/aer/m/n/12 . T°ídu \T1/aett/m/n/12 Sys-tem.Text.StringBuilder
 []


Overfull \hbox (5.31345pt too wide) in paragraph at lines 409--411
\T1/aett/m/n/12 min()\T1/aer/m/n/12 , \T1/aett/m/n/12 pow()\T1/aer/m/n/12 , \T1
/aett/m/n/12 sqrt()\T1/aer/m/n/12 , \T1/aett/m/n/12 log()\T1/aer/m/n/12 , \T1/a
ett/m/n/12 log10()\T1/aer/m/n/12 , \T1/aett/m/n/12 sin()\T1/aer/m/n/12 , \T1/ae
tt/m/n/12 cos()\T1/aer/m/n/12 , \T1/aett/m/n/12 tan()\T1/aer/m/n/12 , \T1/aett/
m/n/12 asin()\T1/aer/m/n/12 , \T1/aett/m/n/12 acos()\T1/aer/m/n/12 ,
 []


Package Fancyhdr Warning: \headheight is too small (12.0pt): 
 Make it at least 14.49998pt.
 We now make it that large for the rest of the document.
 This may cause the page layout to be inconsistent, however.

[28]

Package Fancyhdr Warning: \headheight is too small (12.0pt): 
 Make it at least 14.49998pt.
 We now make it that large for the rest of the document.
 This may cause the page layout to be inconsistent, however.

[29]
Kapitola 4.
[30

]
Overfull \hbox (4.70901pt too wide) in paragraph at lines 447--448
\T1/aer/m/n/12 de-fi-nuje vý£tový typ \T1/aett/m/n/12 ap-pli-cation.core.xml.Xm
lKeyword\T1/aer/m/n/12 . T°ída \T1/aett/m/n/12 Xml-Ma-nager
 []


Package Fancyhdr Warning: \headheight is too small (12.0pt): 
 Make it at least 14.49998pt.
 We now make it that large for the rest of the document.
 This may cause the page layout to be inconsistent, however.

[31]
Overfull \hbox (61.4845pt too wide) in paragraph at lines 455--455
\T1/aer/m/n/12 Základ apli-ka£ní lo-giky p°ed-sta-vuje t°ída \T1/aett/m/n/12 ap
-pli-cation.controller.WindowController\T1/aer/m/n/12 ,
 []


Package Fancyhdr Warning: \headheight is too small (12.0pt): 
 Make it at least 14.49998pt.
 We now make it that large for the rest of the document.
 This may cause the page layout to be inconsistent, however.

[32]
Kapitola 5.
[33

]

Package Fancyhdr Warning: \headheight is too small (12.0pt): 
 Make it at least 14.49998pt.
 We now make it that large for the rest of the document.
 This may cause the page layout to be inconsistent, however.

[34]

Package Fancyhdr Warning: \headheight is too small (12.0pt): 
 Make it at least 14.49998pt.
 We now make it that large for the rest of the document.
 This may cause the page layout to be inconsistent, however.

[35]

Package Fancyhdr Warning: \headheight is too small (12.0pt): 
 Make it at least 14.49998pt.
 We now make it that large for the rest of the document.
 This may cause the page layout to be inconsistent, however.

[36]

Package Fancyhdr Warning: \headheight is too small (12.0pt): 
 Make it at least 14.49998pt.
 We now make it that large for the rest of the document.
 This may cause the page layout to be inconsistent, however.

[37]

Package Fancyhdr Warning: \headheight is too small (12.0pt): 
 Make it at least 14.49998pt.
 We now make it that large for the rest of the document.
 This may cause the page layout to be inconsistent, however.

[38]
Kapitola 6.
(C:\Users\pkout\Dropbox\bp\dokumentace\BPINI_OLD\bakalarka.bbl [39

]
Underfull \hbox (badness 2205) in paragraph at lines 32--35
[]\T1/aer/m/it/12 Object (Java Plat-form SE 7 ) \T1/aer/m/n/12 [on-line]. [cit.
 1.12.2015].  Do-
 []


Underfull \hbox (badness 1810) in paragraph at lines 32--35
\T1/aer/m/n/12 stupné z:  $\T1/aett/m/n/12 <[]http : / / docs . oracle . com / 
javase / 7 / docs / api / java /$
 []


Underfull \hbox (badness 1412) in paragraph at lines 65--68
[]\T1/aer/m/it/12 Visual C# Lan-gu-age (C#) \T1/aer/m/n/12 [on-line]. [cit. 2.1
2.2015].  Do-stupné
 []


Underfull \hbox (badness 6542) in paragraph at lines 65--68
\T1/aer/m/n/12 z:  $\T1/aett/m/n/12 <[]https : / / msdn . microsoft . com / en-
[]us / library / aa287558(v =$
 []

[40

]
Underfull \hbox (badness 6542) in paragraph at lines 70--73
\T1/aer/m/n/12 z:  $\T1/aett/m/n/12 <[]https : / / msdn . microsoft . com / cs-
[]cz / library / 8bs2ecf4(v =$
 []


Underfull \hbox (badness 6542) in paragraph at lines 80--83
\T1/aer/m/n/12 z:  $\T1/aett/m/n/12 <[]https : / / msdn . microsoft . com / en-
[]us / library / ht8ecch6(v =$
 []


Underfull \hbox (badness 3281) in paragraph at lines 102--105
\T1/aer/m/it/12 Lan-gu-age > Lan-gu-age Ba-sics) \T1/aer/m/n/12 [on-line]. [cit
. 3.12.2015].  Do-
 []


Underfull \hbox (badness 4967) in paragraph at lines 102--105
\T1/aer/m/n/12 stupné z:  $\T1/aett/m/n/12 <[]https : / / docs . oracle . com /
 javase / tutorial / java /$
 []


Underfull \hbox (badness 3375) in paragraph at lines 107--110
[]\T1/aer/m/it/12 Byte (Java Plat-form SE 7 ) \T1/aer/m/n/12 [on-line]. [cit. 3
.12.2015].  Do-
 []


Underfull \hbox (badness 2781) in paragraph at lines 112--115
[]\T1/aer/m/it/12 Short (Java Plat-form SE 7 ) \T1/aer/m/n/12 [on-line]. [cit. 
3.12.2015].  Do-
 []


Underfull \hbox (badness 1831) in paragraph at lines 117--120
[]\T1/aer/m/it/12 Integer (Java Plat-form SE 7 ) \T1/aer/m/n/12 [on-line]. [cit
. 3.12.2015].  Do-
 []


Underfull \hbox (badness 3148) in paragraph at lines 122--125
[]\T1/aer/m/it/12 Long (Java Plat-form SE 7 ) \T1/aer/m/n/12 [on-line]. [cit. 3
.12.2015].  Do-
 []


Underfull \hbox (badness 2980) in paragraph at lines 127--130
[]\T1/aer/m/it/12 Float (Java Plat-form SE 7 ) \T1/aer/m/n/12 [on-line]. [cit. 
3.12.2015].  Do-
 []


Package Fancyhdr Warning: \headheight is too small (12.0pt): 
 Make it at least 14.49998pt.
 We now make it that large for the rest of the document.
 This may cause the page layout to be inconsistent, however.

[41]
Underfull \hbox (badness 1895) in paragraph at lines 132--135
[]\T1/aer/m/it/12 Double (Java Plat-form SE 7 ) \T1/aer/m/n/12 [on-line]. [cit.
 3.12.2015].  Do-
 []


Underfull \hbox (badness 1418) in paragraph at lines 137--140
[]\T1/aer/m/it/12 Boolean (Java Plat-form SE 7 ) \T1/aer/m/n/12 [on-line]. [cit
. 3.12.2015].  Do-
 []


Underfull \hbox (badness 10000) in paragraph at lines 156--159
\T1/aer/m/n/12 Do-stupné z:  $\T1/aett/m/n/12 <[]https : / / msdn . microsoft .
 com / cs-[]cz / library /$
 []


Underfull \hbox (badness 10000) in paragraph at lines 161--164
\T1/aer/m/n/12 Do-stupné z:  $\T1/aett/m/n/12 <[]https : / / msdn . microsoft .
 com / cs-[]cz / library /$
 []


Underfull \hbox (badness 10000) in paragraph at lines 176--179
\T1/aer/m/n/12 Do-stupné z:  $\T1/aett/m/n/12 <[]https : / / msdn . microsoft .
 com / cs-[]cz / library /$
 []


Underfull \hbox (badness 10000) in paragraph at lines 181--184
\T1/aer/m/n/12 Do-stupné z:  $\T1/aett/m/n/12 <[]https : / / msdn . microsoft .
 com / cs-[]cz / library /$
 []


Underfull \hbox (badness 10000) in paragraph at lines 186--189
\T1/aer/m/n/12 Do-stupné z:  $\T1/aett/m/n/12 <[]https : / / msdn . microsoft .
 com / cs-[]cz / library /$
 []


Package Fancyhdr Warning: \headheight is too small (12.0pt): 
 Make it at least 14.49998pt.
 We now make it that large for the rest of the document.
 This may cause the page layout to be inconsistent, however.

[42]
Underfull \hbox (badness 10000) in paragraph at lines 196--199
\T1/aer/m/n/12 Do-stupné z:  $\T1/aett/m/n/12 <[]https : / / msdn . microsoft .
 com / cs-[]cz / library /$
 []


Underfull \hbox (badness 10000) in paragraph at lines 201--204
\T1/aer/m/n/12 Do-stupné z:  $\T1/aett/m/n/12 <[]https : / / msdn . microsoft .
 com / cs-[]cz / library /$
 []


Underfull \hbox (badness 10000) in paragraph at lines 206--209
\T1/aer/m/n/12 Do-stupné z:  $\T1/aett/m/n/12 <[]https : / / msdn . microsoft .
 com / cs-[]cz / library /$
 []


Underfull \hbox (badness 10000) in paragraph at lines 211--214
\T1/aer/m/n/12 Do-stupné z:  $\T1/aett/m/n/12 <[]https : / / msdn . microsoft .
 com / cs-[]cz / library /$
 []


Underfull \hbox (badness 10000) in paragraph at lines 216--220
\T1/aer/m/n/12 Do-stupné z:  $\T1/aett/m/n/12 <[]https : / / msdn . microsoft .
 com / cs-[]cz / library /$
 []


Underfull \hbox (badness 1297) in paragraph at lines 232--235
[]\T1/aer/m/it/12 3 Ty-pes \T1/aer/m/n/12 [on-line]. [cit. 3.12.2015].  Do-stup
né z:  $\T1/aett/m/n/12 <[]http : / / www .$
 []


Package Fancyhdr Warning: \headheight is too small (12.0pt): 
 Make it at least 14.49998pt.
 We now make it that large for the rest of the document.
 This may cause the page layout to be inconsistent, however.

[43]
Underfull \hbox (badness 1975) in paragraph at lines 278--281
[]\T1/aer/m/it/12 Arrays (Java Plat-form SE 7 ) \T1/aer/m/n/12 [on-line]. [cit.
 5.12.2015].  Do-
 []


Underfull \hbox (badness 1810) in paragraph at lines 278--281
\T1/aer/m/n/12 stupné z:  $\T1/aett/m/n/12 <[]http : / / docs . oracle . com / 
javase / 7 / docs / api / java /$
 []


Underfull \hbox (badness 1303) in paragraph at lines 298--301
[]\T1/aer/m/it/12 HashSet (Java Plat-form SE 7 ) \T1/aer/m/n/12 [on-line]. [cit
. 5.12.2015].  Do-
 []


Underfull \hbox (badness 3942) in paragraph at lines 308--311
[]\T1/aer/m/it/12 List (Java Plat-form SE 7 ) \T1/aer/m/n/12 [on-line]. [cit. 5
.12.2015].  Do-
 []


Underfull \hbox (badness 1810) in paragraph at lines 313--316
\T1/aer/m/n/12 stupné z:  $\T1/aett/m/n/12 <[]http : / / docs . oracle . com / 
javase / 7 / docs / api / java /$
 []


Package Fancyhdr Warning: \headheight is too small (12.0pt): 
 Make it at least 14.49998pt.
 We now make it that large for the rest of the document.
 This may cause the page layout to be inconsistent, however.

[44]
Underfull \hbox (badness 1742) in paragraph at lines 361--364
[]\T1/aer/m/it/12 Array  t°ída (Sys-tem) \T1/aer/m/n/12 [on-line]. [cit. 6.12.
2015].  Do-stupné z:
 []


Underfull \hbox (badness 10000) in paragraph at lines 361--364
$\T1/aett/m/n/12 <[]https : / / msdn . microsoft . com / cs-[]cz / library / sy
stem . array(v =$
 []


Underfull \hbox (badness 10000) in paragraph at lines 366--370
\T1/aer/m/n/12 Do-stupné z:  $\T1/aett/m/n/12 <[]https : / / msdn . microsoft .
 com / cs-[]cz / library /$
 []


Underfull \hbox (badness 10000) in paragraph at lines 372--376
[]\T1/aer/m/it/12 LinkedList(T)  t°ída (Sys-tem.Collections.Generic) \T1/aer/m
/n/12 [on-line].
 []


Underfull \hbox (badness 1688) in paragraph at lines 372--376
\T1/aer/m/n/12 [cit. 6.12.2015].  Do-stupné z:  $\T1/aett/m/n/12 <[]https : / /
 msdn . microsoft . com /$
 []


Underfull \hbox (badness 2351) in paragraph at lines 383--386
[]\T1/aer/m/it/12 Arrays \T1/aer/m/n/12 [on-line]. [cit. 6.12.2015].  Do-stupné
 z:  $\T1/aett/m/n/12 <[]http : / / www .$
 []


Underfull \hbox (badness 10000) in paragraph at lines 383--386
$\T1/aett/m/n/12 freepascal . org / docs-[]html / ref / refsu15 . html \ #x39-[
]510003 . 3 .$
 []


Package Fancyhdr Warning: \headheight is too small (12.0pt): 
 Make it at least 14.49998pt.
 We now make it that large for the rest of the document.
 This may cause the page layout to be inconsistent, however.

[45]
Underfull \hbox (badness 2351) in paragraph at lines 388--391
[]\T1/aer/m/it/12 Arrays \T1/aer/m/n/12 [on-line]. [cit. 6.12.2015].  Do-stupné
 z:  $\T1/aett/m/n/12 <[]http : / / www .$
 []


Underfull \hbox (badness 10000) in paragraph at lines 388--391
$\T1/aett/m/n/12 freepascal . org / docs-[]html / ref / refsu15 . html \ #x39-[
]520003 . 3 .$
 []


Underfull \hbox (badness 1303) in paragraph at lines 393--396
[]\T1/aer/m/it/12 Pointers \T1/aer/m/n/12 [on-line]. [cit. 6.12.2015].  Do-stup
né z:  $\T1/aett/m/n/12 <[]http : / / www .$
 []


Underfull \hbox (badness 3291) in paragraph at lines 398--401
[]\T1/aer/m/it/12 TList \T1/aer/m/n/12 [on-line]. [cit. 6.12.2015].  Do-stupné 
z:  $\T1/aett/m/n/12 <[]http : / / www .$
 []


Underfull \hbox (badness 1242) in paragraph at lines 403--406
[]\T1/aer/m/it/12 TFPList \T1/aer/m/n/12 [on-line]. [cit. 6.12.2015].  Do-stupn
é z:  $\T1/aett/m/n/12 <[]http : / / www .$
 []


Underfull \hbox (badness 10000) in paragraph at lines 413--416
[]\T1/aer/m/it/12 TFPGObjectList \T1/aer/m/n/12 [on-line]. [cit. 6.12.2015].  D
o-stupné z:
 []


Underfull \hbox (badness 10000) in paragraph at lines 413--416
$\T1/aett/m/n/12 <[]http : / / www . freepascal . org / docs-[]html-[]3 . 0 . 0
 / rtl / fgl /$
 []


Underfull \hbox (badness 2326) in paragraph at lines 424--427
[]\T1/aer/m/it/12 String (Java Plat-form SE 7 ) \T1/aer/m/n/12 [on-line]. [cit.
 7.12.2015].  Do-
 []


Underfull \hbox (badness 1810) in paragraph at lines 424--427
\T1/aer/m/n/12 stupné z:  $\T1/aett/m/n/12 <[]http : / / docs . oracle . com / 
javase / 7 / docs / api / java /$
 []


Underfull \hbox (badness 1810) in paragraph at lines 429--432
\T1/aer/m/n/12 stupné z:  $\T1/aett/m/n/12 <[]http : / / docs . oracle . com / 
javase / 7 / docs / api / java /$
 []


Underfull \hbox (badness 1810) in paragraph at lines 434--437
\T1/aer/m/n/12 stupné z:  $\T1/aett/m/n/12 <[]http : / / docs . oracle . com / 
javase / 7 / docs / api / java /$
 []


Underfull \hbox (badness 1137) in paragraph at lines 439--442
[]\T1/aer/m/it/12 StringTokenizer (Java Plat-form SE 7 ) \T1/aer/m/n/12 [on-lin
e]. [cit. 7.12.2015].
 []


Package Fancyhdr Warning: \headheight is too small (12.0pt): 
 Make it at least 14.49998pt.
 We now make it that large for the rest of the document.
 This may cause the page layout to be inconsistent, however.

[46]
Underfull \hbox (badness 3302) in paragraph at lines 465--468
[]\T1/aer/m/it/12 String Class (Sys-tem) \T1/aer/m/n/12 [on-line]. [cit. 7.12.2
015].  Do-stupné z:
 []


Underfull \hbox (badness 10000) in paragraph at lines 465--468
$\T1/aett/m/n/12 <[]https : / / msdn . microsoft . com / en-[]us / library / sy
stem . string(v =$
 []


Underfull \hbox (badness 5862) in paragraph at lines 476--479
[]\T1/aer/m/it/12 Single-byte String ty-pes \T1/aer/m/n/12 [on-line]. [cit. 7.1
2.2015].  Do-stupné
 []


Underfull \hbox (badness 1484) in paragraph at lines 476--479
\T1/aer/m/n/12 z:  $\T1/aett/m/n/12 <[]http : / / www . freepascal . org / docs
-[]html / ref / refsu10 . html \$
 []


Underfull \hbox (badness 5862) in paragraph at lines 481--484
[]\T1/aer/m/it/12 Single-byte String ty-pes \T1/aer/m/n/12 [on-line]. [cit. 7.1
2.2015].  Do-stupné
 []


Underfull \hbox (badness 1484) in paragraph at lines 481--484
\T1/aer/m/n/12 z:  $\T1/aett/m/n/12 <[]http : / / www . freepascal . org / docs
-[]html / ref / refsu10 . html \$
 []


Underfull \hbox (badness 5862) in paragraph at lines 486--489
[]\T1/aer/m/it/12 Single-byte String ty-pes \T1/aer/m/n/12 [on-line]. [cit. 7.1
2.2015].  Do-stupné
 []


Underfull \hbox (badness 1484) in paragraph at lines 486--489
\T1/aer/m/n/12 z:  $\T1/aett/m/n/12 <[]http : / / www . freepascal . org / docs
-[]html / ref / refsu10 . html \$
 []


Underfull \hbox (badness 2922) in paragraph at lines 491--495
[]\T1/aer/m/it/12 Reference for unit 'Sys-tem': Pro-cedu-res and functi-ons \T1
/aer/m/n/12 [on-line].
 []


Underfull \hbox (badness 2744) in paragraph at lines 491--495
\T1/aer/m/n/12 [cit. 7.12.2015].  Do-stupné z:  $\T1/aett/m/n/12 <[]http : / / 
www . freepascal . org /$
 []


Underfull \hbox (badness 1205) in paragraph at lines 502--505
[]\T1/aer/m/it/12 TStrings \T1/aer/m/n/12 [on-line]. [cit. 7.12.2015].  Do-stup
né z:  $\T1/aett/m/n/12 <[]http : / / www .$
 []


Underfull \hbox (badness 1810) in paragraph at lines 507--510
\T1/aer/m/n/12 stupné z:  $\T1/aett/m/n/12 <[]http : / / docs . oracle . com / 
javase / 7 / docs / api / java /$
 []


Package Fancyhdr Warning: \headheight is too small (12.0pt): 
 Make it at least 14.49998pt.
 We now make it that large for the rest of the document.
 This may cause the page layout to be inconsistent, however.

[47]
Underfull \hbox (badness 1810) in paragraph at lines 512--515
\T1/aer/m/n/12 stupné z:  $\T1/aett/m/n/12 <[]http : / / docs . oracle . com / 
javase / 7 / docs / api / java /$
 []


Underfull \hbox (badness 7186) in paragraph at lines 532--535
\T1/aer/m/n/12 z:  $\T1/aett/m/n/12 <[]http : / / www . cplusplus . com / refer
ence / algorithm / stable _$
 []


Underfull \hbox (badness 2343) in paragraph at lines 537--540
[]\T1/aer/m/it/12 binary_search - C++ Re-fe-rence \T1/aer/m/n/12 [on-line]. [ci
t. 9.12.2015].  Do-
 []


Underfull \hbox (badness 4967) in paragraph at lines 537--540
\T1/aer/m/n/12 stupné z:  $\T1/aett/m/n/12 <[]http : / / www . cplusplus . com 
/ reference / algorithm /$
 []


Underfull \hbox (badness 6542) in paragraph at lines 542--545
\T1/aer/m/n/12 z:  $\T1/aett/m/n/12 <[]https : / / msdn . microsoft . com / cs-
[]cz / library / 4d7sx9hd(v =$
 []


Underfull \hbox (badness 10000) in paragraph at lines 547--551
[]\T1/aer/m/it/12 IComparer(T)  roz-hraní (Sys-tem.Collections.Generic) \T1/ae
r/m/n/12 [on-line].
 []


Underfull \hbox (badness 6542) in paragraph at lines 553--556
\T1/aer/m/n/12 z:  $\T1/aett/m/n/12 <[]https : / / msdn . microsoft . com / cs-
[]cz / library / tfakywbh(v =$
 []


Underfull \hbox (badness 2689) in paragraph at lines 563--566
[]\T1/aer/m/it/12 TFPList.Sort \T1/aer/m/n/12 [on-line]. [cit. 9.12.2015].  Do-
stupné z:  $\T1/aett/m/n/12 <[]http :$
 []


Underfull \hbox (badness 10000) in paragraph at lines 563--566
$\T1/aett/m/n/12 / / www . freepascal . org / docs-[]html-[]3 . 0 . 0 / rtl / c
lasses / tfplist .$
 []


Underfull \hbox (badness 10000) in paragraph at lines 568--571
[]\T1/aer/m/it/12 TListSortCompare \T1/aer/m/n/12 [on-line]. [cit. 9.12.2015]. 
 Do-stupné z:
 []


Underfull \hbox (badness 10000) in paragraph at lines 568--571
$\T1/aett/m/n/12 <[]http : / / www . freepascal . org / docs-[]html-[]3 . 0 . 0
 / rtl / classes /$
 []


Package Fancyhdr Warning: \headheight is too small (12.0pt): 
 Make it at least 14.49998pt.
 We now make it that large for the rest of the document.
 This may cause the page layout to be inconsistent, however.

[48]
Underfull \hbox (badness 2181) in paragraph at lines 573--576
[]\T1/aer/m/it/12 Math (Java Plat-form SE 7 ) \T1/aer/m/n/12 [on-line]. [cit. 1
0.12.2015].  Do-
 []


Underfull \hbox (badness 1454) in paragraph at lines 587--590
[]\T1/aer/m/it/12 Math  t°ída (Sys-tem) \T1/aer/m/n/12 [on-line]. [cit. 10.12.
2015].  Do-stupné z:
 []


Underfull \hbox (badness 10000) in paragraph at lines 587--590
$\T1/aett/m/n/12 <[]https : / / msdn . microsoft . com / cs-[]cz / library / sy
stem . math(v =$
 []


Underfull \hbox (badness 5954) in paragraph at lines 592--596
[]\T1/aer/m/it/12 Reference for unit 'math': Pro-cedu-res and functi-ons \T1/ae
r/m/n/12 [on-line].
 []


Underfull \hbox (badness 1728) in paragraph at lines 592--596
\T1/aer/m/n/12 [cit. 10.12.2015].  Do-stupné z:  $\T1/aett/m/n/12 <[]http : / /
 www . freepascal . org /$
 []


Underfull \hbox (badness 1270) in paragraph at lines 608--611
[]\T1/aer/m/it/12 System (Java Plat-form SE 7 ) \T1/aer/m/n/12 [on-line]. [cit.
 11.12.2015].  Do-
 []


Underfull \hbox (badness 1810) in paragraph at lines 608--611
\T1/aer/m/n/12 stupné z:  $\T1/aett/m/n/12 <[]http : / / docs . oracle . com / 
javase / 7 / docs / api / java /$
 []


Package Fancyhdr Warning: \headheight is too small (12.0pt): 
 Make it at least 14.49998pt.
 We now make it that large for the rest of the document.
 This may cause the page layout to be inconsistent, however.

[49]
Underfull \hbox (badness 1831) in paragraph at lines 651--654
[]\T1/aer/m/it/12 Console  t°ída (Sys-tem) \T1/aer/m/n/12 [on-line]. [cit. 12.
12.2015].  Do-stupné
 []


Underfull \hbox (badness 10000) in paragraph at lines 651--654
\T1/aer/m/n/12 z:  $\T1/aett/m/n/12 <[]https : / / msdn . microsoft . com / cs-
[]cz / library / system .$
 []


Underfull \hbox (badness 1783) in paragraph at lines 656--659
[]\T1/aer/m/it/12 Convert  t°ída (Sys-tem) \T1/aer/m/n/12 [on-line]. [cit. 12.
12.2015].  Do-stupné
 []


Underfull \hbox (badness 10000) in paragraph at lines 656--659
\T1/aer/m/n/12 z:  $\T1/aett/m/n/12 <[]https : / / msdn . microsoft . com / cs-
[]cz / library / system .$
 []


Underfull \hbox (badness 2846) in paragraph at lines 661--664
[]\T1/aer/m/it/12 Read \T1/aer/m/n/12 [on-line]. [cit. 12.12.2015].  Do-stupné 
z:  $\T1/aett/m/n/12 <[]http : / / www .$
 []


Underfull \hbox (badness 2197) in paragraph at lines 666--669
[]\T1/aer/m/it/12 Write \T1/aer/m/n/12 [on-line]. [cit. 12.12.2015].  Do-stupné
 z:  $\T1/aett/m/n/12 <[]http : / / www .$
 []


Underfull \hbox (badness 1184) in paragraph at lines 671--674
[]\T1/aer/m/it/12 ReadLn \T1/aer/m/n/12 [on-line]. [cit. 12.12.2015].  Do-stupn
é z:  $\T1/aett/m/n/12 <[]http : / / www .$
 []

)

Package Fancyhdr Warning: \headheight is too small (12.0pt): 
 Make it at least 14.49998pt.
 We now make it that large for the rest of the document.
 This may cause the page layout to be inconsistent, however.

[50] [51

] [52

]
P\v {r}\'{\i }loha A.
<uml.pdf, id=194, page=1, 493.845pt x 599.23875pt>
File: uml.pdf Graphic file (type pdf)
 <use uml.pdf, page 1>
Package pdftex.def Info: uml.pdf, page1 used on input line 543.
(pdftex.def)             Requested size: 389.99762pt x 473.22884pt.

[53

]

Package Fancyhdr Warning: \headheight is too small (12.0pt): 
 Make it at least 14.49998pt.
 We now make it that large for the rest of the document.
 This may cause the page layout to be inconsistent, however.

[54 <C:/Users/pkout/Dropbox/bp/dokumentace/BPINI_OLD/uml.pdf>]
P\v {r}\'{\i }loha B.
[55

]

Package Fancyhdr Warning: \headheight is too small (12.0pt): 
 Make it at least 14.49998pt.
 We now make it that large for the rest of the document.
 This may cause the page layout to be inconsistent, however.

[56] <view-code.png, id=211, 772.38562pt x 505.89pt>
File: view-code.png Graphic file (type png)
 <use view-code.png>
Package pdftex.def Info: view-code.png used on input line 572.
(pdftex.def)             Requested size: 389.99861pt x 255.43768pt.

Underfull \hbox (badness 10000) in paragraph at lines 572--574
[][]
 []

<edit-code.png, id=212, 772.38562pt x 505.89pt>
File: edit-code.png Graphic file (type png)
 <use edit-code.png>
Package pdftex.def Info: edit-code.png used on input line 582.
(pdftex.def)             Requested size: 389.99861pt x 255.43768pt.

Underfull \hbox (badness 10000) in paragraph at lines 582--584
[][]
 []


Package Fancyhdr Warning: \headheight is too small (12.0pt): 
 Make it at least 15.77997pt.
 We now make it that large for the rest of the document.
 This may cause the page layout to be inconsistent, however.

[57]

Package Fancyhdr Warning: \headheight is too small (12.0pt): 
 Make it at least 15.77997pt.
 We now make it that large for the rest of the document.
 This may cause the page layout to be inconsistent, however.

[58 <C:/Users/pkout/Dropbox/bp/dokumentace/BPINI_OLD/view-code.png>]

Package Fancyhdr Warning: \headheight is too small (12.0pt): 
 Make it at least 15.77997pt.
 We now make it that large for the rest of the document.
 This may cause the page layout to be inconsistent, however.

[59 <C:/Users/pkout/Dropbox/bp/dokumentace/BPINI_OLD/edit-code.png>]
P\v {r}\'{\i }loha C.
[60

] <convert-helper.png, id=225, 927.465pt x 782.925pt>
File: convert-helper.png Graphic file (type png)

<use convert-helper.png>
Package pdftex.def Info: convert-helper.png used on input line 604.
(pdftex.def)             Requested size: 389.99966pt x 329.22049pt.

Underfull \hbox (badness 10000) in paragraph at lines 604--606
[][]
 []


Package Fancyhdr Warning: \headheight is too small (12.0pt): 
 Make it at least 14.49998pt.
 We now make it that large for the rest of the document.
 This may cause the page layout to be inconsistent, however.

[61 <C:/Users/pkout/Dropbox/bp/dokumentace/BPINI_OLD/convert-helper.png>]
(C:\Users\pkout\Dropbox\bp\dokumentace\BPINI_OLD\bakalarka.aux)

LaTeX Font Warning: Size substitutions with differences
(Font)              up to 1.28pt have occurred.

 ) 
Here is how much of TeX's memory you used:
 6003 strings out of 493921
 83789 string characters out of 3147282
 156378 words of memory out of 3000000
 9140 multiletter control sequences out of 15000+200000
 48602 words of font info for 99 fonts, out of 3000000 for 9000
 841 hyphenation exceptions out of 8191
 68i,12n,98p,1330b,400s stack positions out of 5000i,500n,10000p,200000b,50000s
<C:/Program Files/MiKTeX 2.9/fonts/type1/public/amsfonts/cm/cmbx12.pfb><C:/Pr
ogram Files/MiKTeX 2.9/fonts/type1/public/amsfonts/cm/cmmi12.pfb><C:/Program Fi
les/MiKTeX 2.9/fonts/type1/public/amsfonts/cm/cmr12.pfb><C:/Program Files/MiKTe
X 2.9/fonts/type1/public/amsfonts/cm/cmr17.pfb><C:/Program Files/MiKTeX 2.9/fon
ts/type1/public/amsfonts/cm/cmr8.pfb><C:/Program Files/MiKTeX 2.9/fonts/type1/p
ublic/amsfonts/cm/cmsy10.pfb><C:/Program Files/MiKTeX 2.9/fonts/type1/public/am
sfonts/cm/cmti12.pfb><C:/Program Files/MiKTeX 2.9/fonts/type1/public/amsfonts/c
m/cmti8.pfb><C:/Program Files/MiKTeX 2.9/fonts/type1/public/amsfonts/cm/cmtt12.
pfb>
Output written on bakalarka.pdf (67 pages, 455186 bytes).
PDF statistics:
 261 PDF objects out of 1000 (max. 8388607)
 0 named destinations out of 1000 (max. 500000)
 21 words of extra memory for PDF output out of 10000 (max. 10000000)

